--------------------------------------------------------------------------------
Release 14.6 Trace  (nt64)
Copyright (c) 1995-2013 Xilinx, Inc.  All rights reserved.

C:\Xilinx\14.6\ISE_DS\ISE\bin\nt64\unwrapped\trce.exe -intstyle ise -v 3 -s 2
-n 3 -fastpaths -xml top.twx top.ncd -o top.twr top.pcf

Design file:              top.ncd
Physical constraint file: top.pcf
Device,package,speed:     xc6slx45,fgg676,C,-2 (PRODUCTION 1.23 2013-06-08)
Report level:             verbose report

Environment Variable      Effect 
--------------------      ------ 
NONE                      No environment variables were set
--------------------------------------------------------------------------------

INFO:Timing:3412 - To improve timing, see the Timing Closure User Guide (UG612).
INFO:Timing:2752 - To get complete path coverage, use the unconstrained paths 
   option. All paths that are not constrained will be reported in the 
   unconstrained paths section(s) of the report.
INFO:Timing:3339 - The clock-to-out numbers in this timing report are based on 
   a 50 Ohm transmission line loading model.  For the details of this model, 
   and for more information on accounting for different loading conditions, 
   please see the device datasheet.

================================================================================
Timing constraint: TS_i_clk_pin = PERIOD TIMEGRP "i_clk_pin" 24 MHz HIGH 50%;
For more information, see Period Analysis in the Timing Closure User Guide (UG612).

 0 paths analyzed, 0 endpoints analyzed, 0 failing endpoints
 0 timing errors detected. (0 component switching limit errors)
 Minimum period is  32.000ns.
--------------------------------------------------------------------------------

Component Switching Limit Checks: TS_i_clk_pin = PERIOD TIMEGRP "i_clk_pin" 24 MHz HIGH 50%;
--------------------------------------------------------------------------------
Slack: 9.666ns (period - (min low pulse limit / (low pulse / period)))
  Period: 41.666ns
  Low pulse: 20.833ns
  Low pulse limit: 16.000ns (Tdcmpw_CLKIN_10_25)
  Physical resource: clk_gen_i/DMC/dcm_sp_inst/CLKIN
  Logical resource: clk_gen_i/DMC/dcm_sp_inst/CLKIN
  Location pin: DCM_X0Y6.CLKIN
  Clock network: clk_gen_i/DMC/dcm_sp_inst_ML_NEW_DIVCLK
--------------------------------------------------------------------------------
Slack: 9.666ns (period - (min high pulse limit / (high pulse / period)))
  Period: 41.666ns
  High pulse: 20.833ns
  High pulse limit: 16.000ns (Tdcmpw_CLKIN_10_25)
  Physical resource: clk_gen_i/DMC/dcm_sp_inst/CLKIN
  Logical resource: clk_gen_i/DMC/dcm_sp_inst/CLKIN
  Location pin: DCM_X0Y6.CLKIN
  Clock network: clk_gen_i/DMC/dcm_sp_inst_ML_NEW_DIVCLK
--------------------------------------------------------------------------------
Slack: 17.000ns (period - min period limit)
  Period: 20.000ns
  Min period limit: 3.000ns (333.333MHz) (Tdcmper_CLKFX)
  Physical resource: clk_gen_i/DMC/dcm_sp_inst/CLKFX
  Logical resource: clk_gen_i/DMC/dcm_sp_inst/CLKFX
  Location pin: DCM_X0Y6.CLKFX
  Clock network: clk_gen_i/DMC/clkfx
--------------------------------------------------------------------------------

================================================================================
Timing constraint: TS_clk_gen_i_DMC_clkfx = PERIOD TIMEGRP 
"clk_gen_i_DMC_clkfx" TS_i_clk_pin *         2.08333333 HIGH 50%;
For more information, see Period Analysis in the Timing Closure User Guide (UG612).

 1409 paths analyzed, 209 endpoints analyzed, 0 failing endpoints
 0 timing errors detected. (0 setup errors, 0 hold errors, 0 component switching limit errors)
 Minimum period is   7.090ns.
--------------------------------------------------------------------------------

Paths for end point timer_counter_i/counter_value_r_0 (SLICE_X47Y65.D4), 1 path
--------------------------------------------------------------------------------
Slack (setup path):     12.910ns (requirement - (data path - clock path skew + uncertainty))
  Source:               timer_counter_i/counter_value_r_0 (FF)
  Destination:          timer_counter_i/counter_value_r_0 (FF)
  Requirement:          20.000ns
  Data Path Delay:      6.755ns (Levels of Logic = 2)
  Clock Path Skew:      0.000ns
  Source Clock:         clk_50MHz_s rising at 0.000ns
  Destination Clock:    clk_50MHz_s rising at 20.000ns
  Clock Uncertainty:    0.335ns

  Clock Uncertainty:          0.335ns  ((TSJ^2 + TIJ^2)^1/2 + DJ) / 2 + PE
    Total System Jitter (TSJ):  0.070ns
    Total Input Jitter (TIJ):   0.000ns
    Discrete Jitter (DJ):       0.599ns
    Phase Error (PE):           0.000ns

  Maximum Data Path at Slow Process Corner: timer_counter_i/counter_value_r_0 to timer_counter_i/counter_value_r_0
    Location             Delay type         Delay(ns)  Physical Resource
                                                       Logical Resource(s)
    -------------------------------------------------  -------------------
    SLICE_X47Y65.DQ      Tcko                  0.430   timer_counter_i/counter_value_r<0>
                                                       timer_counter_i/counter_value_r_0
    SLICE_X58Y91.A4      net (fanout=3)        2.850   timer_counter_i/counter_value_r<0>
    SLICE_X58Y91.AMUX    Topaa                 0.449   timer_counter_i/counter_value_r<3>
                                                       timer_counter_i/Mcount_counter_value_r_lut<0>
                                                       timer_counter_i/Mcount_counter_value_r_cy<3>
    SLICE_X47Y65.D4      net (fanout=1)        2.653   timer_counter_i/Mcount_counter_value_r
    SLICE_X47Y65.CLK     Tas                   0.373   timer_counter_i/counter_value_r<0>
                                                       timer_counter_i/counter_value_r_0_rstpot
                                                       timer_counter_i/counter_value_r_0
    -------------------------------------------------  ---------------------------
    Total                                      6.755ns (1.252ns logic, 5.503ns route)
                                                       (18.5% logic, 81.5% route)

--------------------------------------------------------------------------------

Paths for end point timer_counter_i/counter_value_r_4 (SLICE_X58Y92.CE), 28 paths
--------------------------------------------------------------------------------
Slack (setup path):     13.598ns (requirement - (data path - clock path skew + uncertainty))
  Source:               clk_counter_i/counter_r_15 (FF)
  Destination:          timer_counter_i/counter_value_r_4 (FF)
  Requirement:          20.000ns
  Data Path Delay:      6.005ns (Levels of Logic = 2)
  Clock Path Skew:      -0.062ns (0.588 - 0.650)
  Source Clock:         clk_50MHz_s rising at 0.000ns
  Destination Clock:    clk_50MHz_s rising at 20.000ns
  Clock Uncertainty:    0.335ns

  Clock Uncertainty:          0.335ns  ((TSJ^2 + TIJ^2)^1/2 + DJ) / 2 + PE
    Total System Jitter (TSJ):  0.070ns
    Total Input Jitter (TIJ):   0.000ns
    Discrete Jitter (DJ):       0.599ns
    Phase Error (PE):           0.000ns

  Maximum Data Path at Slow Process Corner: clk_counter_i/counter_r_15 to timer_counter_i/counter_value_r_4
    Location             Delay type         Delay(ns)  Physical Resource
                                                       Logical Resource(s)
    -------------------------------------------------  -------------------
    SLICE_X45Y64.CQ      Tcko                  0.430   clk_counter_i/counter_r<16>
                                                       clk_counter_i/counter_r_15
    SLICE_X47Y64.D1      net (fanout=3)        1.299   clk_counter_i/counter_r<15>
    SLICE_X47Y64.D       Tilo                  0.259   timer_fsm_i/current_state<1>
                                                       timer_counter_i/_n0016_inv11
    SLICE_X47Y64.A3      net (fanout=4)        0.372   timer_counter_i/_n0016_inv11
    SLICE_X47Y64.A       Tilo                  0.259   timer_fsm_i/current_state<1>
                                                       timer_counter_i/_n0016_inv2
    SLICE_X58Y92.CE      net (fanout=2)        3.072   timer_counter_i/_n0016_inv
    SLICE_X58Y92.CLK     Tceck                 0.314   timer_counter_i/counter_value_r<7>
                                                       timer_counter_i/counter_value_r_4
    -------------------------------------------------  ---------------------------
    Total                                      6.005ns (1.262ns logic, 4.743ns route)
                                                       (21.0% logic, 79.0% route)

--------------------------------------------------------------------------------
Slack (setup path):     13.812ns (requirement - (data path - clock path skew + uncertainty))
  Source:               clk_counter_i/counter_r_2 (FF)
  Destination:          timer_counter_i/counter_value_r_4 (FF)
  Requirement:          20.000ns
  Data Path Delay:      5.790ns (Levels of Logic = 2)
  Clock Path Skew:      -0.063ns (0.588 - 0.651)
  Source Clock:         clk_50MHz_s rising at 0.000ns
  Destination Clock:    clk_50MHz_s rising at 20.000ns
  Clock Uncertainty:    0.335ns

  Clock Uncertainty:          0.335ns  ((TSJ^2 + TIJ^2)^1/2 + DJ) / 2 + PE
    Total System Jitter (TSJ):  0.070ns
    Total Input Jitter (TIJ):   0.000ns
    Discrete Jitter (DJ):       0.599ns
    Phase Error (PE):           0.000ns

  Maximum Data Path at Slow Process Corner: clk_counter_i/counter_r_2 to timer_counter_i/counter_value_r_4
    Location             Delay type         Delay(ns)  Physical Resource
                                                       Logical Resource(s)
    -------------------------------------------------  -------------------
    SLICE_X46Y64.BQ      Tcko                  0.476   clk_counter_i/counter_r<4>
                                                       clk_counter_i/counter_r_2
    SLICE_X46Y65.D1      net (fanout=3)        1.007   clk_counter_i/counter_r<2>
    SLICE_X46Y65.D       Tilo                  0.235   clk_counter_i/counter_r<25>
                                                       timer_counter_i/_n0016_inv14
    SLICE_X47Y64.A5      net (fanout=4)        0.427   timer_counter_i/_n0016_inv14
    SLICE_X47Y64.A       Tilo                  0.259   timer_fsm_i/current_state<1>
                                                       timer_counter_i/_n0016_inv2
    SLICE_X58Y92.CE      net (fanout=2)        3.072   timer_counter_i/_n0016_inv
    SLICE_X58Y92.CLK     Tceck                 0.314   timer_counter_i/counter_value_r<7>
                                                       timer_counter_i/counter_value_r_4
    -------------------------------------------------  ---------------------------
    Total                                      5.790ns (1.284ns logic, 4.506ns route)
                                                       (22.2% logic, 77.8% route)

--------------------------------------------------------------------------------
Slack (setup path):     13.817ns (requirement - (data path - clock path skew + uncertainty))
  Source:               clk_counter_i/counter_r_20 (FF)
  Destination:          timer_counter_i/counter_value_r_4 (FF)
  Requirement:          20.000ns
  Data Path Delay:      5.786ns (Levels of Logic = 2)
  Clock Path Skew:      -0.062ns (0.588 - 0.650)
  Source Clock:         clk_50MHz_s rising at 0.000ns
  Destination Clock:    clk_50MHz_s rising at 20.000ns
  Clock Uncertainty:    0.335ns

  Clock Uncertainty:          0.335ns  ((TSJ^2 + TIJ^2)^1/2 + DJ) / 2 + PE
    Total System Jitter (TSJ):  0.070ns
    Total Input Jitter (TIJ):   0.000ns
    Discrete Jitter (DJ):       0.599ns
    Phase Error (PE):           0.000ns

  Maximum Data Path at Slow Process Corner: clk_counter_i/counter_r_20 to timer_counter_i/counter_value_r_4
    Location             Delay type         Delay(ns)  Physical Resource
                                                       Logical Resource(s)
    -------------------------------------------------  -------------------
    SLICE_X45Y65.DQ      Tcko                  0.430   clk_counter_i/counter_r<20>
                                                       clk_counter_i/counter_r_20
    SLICE_X46Y65.C2      net (fanout=3)        0.988   clk_counter_i/counter_r<20>
    SLICE_X46Y65.C       Tilo                  0.235   clk_counter_i/counter_r<25>
                                                       timer_counter_i/_n0016_inv12
    SLICE_X47Y64.A4      net (fanout=4)        0.488   timer_counter_i/_n0016_inv12
    SLICE_X47Y64.A       Tilo                  0.259   timer_fsm_i/current_state<1>
                                                       timer_counter_i/_n0016_inv2
    SLICE_X58Y92.CE      net (fanout=2)        3.072   timer_counter_i/_n0016_inv
    SLICE_X58Y92.CLK     Tceck                 0.314   timer_counter_i/counter_value_r<7>
                                                       timer_counter_i/counter_value_r_4
    -------------------------------------------------  ---------------------------
    Total                                      5.786ns (1.238ns logic, 4.548ns route)
                                                       (21.4% logic, 78.6% route)

--------------------------------------------------------------------------------

Paths for end point timer_counter_i/counter_value_r_7 (SLICE_X58Y92.CE), 28 paths
--------------------------------------------------------------------------------
Slack (setup path):     13.621ns (requirement - (data path - clock path skew + uncertainty))
  Source:               clk_counter_i/counter_r_15 (FF)
  Destination:          timer_counter_i/counter_value_r_7 (FF)
  Requirement:          20.000ns
  Data Path Delay:      5.982ns (Levels of Logic = 2)
  Clock Path Skew:      -0.062ns (0.588 - 0.650)
  Source Clock:         clk_50MHz_s rising at 0.000ns
  Destination Clock:    clk_50MHz_s rising at 20.000ns
  Clock Uncertainty:    0.335ns

  Clock Uncertainty:          0.335ns  ((TSJ^2 + TIJ^2)^1/2 + DJ) / 2 + PE
    Total System Jitter (TSJ):  0.070ns
    Total Input Jitter (TIJ):   0.000ns
    Discrete Jitter (DJ):       0.599ns
    Phase Error (PE):           0.000ns

  Maximum Data Path at Slow Process Corner: clk_counter_i/counter_r_15 to timer_counter_i/counter_value_r_7
    Location             Delay type         Delay(ns)  Physical Resource
                                                       Logical Resource(s)
    -------------------------------------------------  -------------------
    SLICE_X45Y64.CQ      Tcko                  0.430   clk_counter_i/counter_r<16>
                                                       clk_counter_i/counter_r_15
    SLICE_X47Y64.D1      net (fanout=3)        1.299   clk_counter_i/counter_r<15>
    SLICE_X47Y64.D       Tilo                  0.259   timer_fsm_i/current_state<1>
                                                       timer_counter_i/_n0016_inv11
    SLICE_X47Y64.A3      net (fanout=4)        0.372   timer_counter_i/_n0016_inv11
    SLICE_X47Y64.A       Tilo                  0.259   timer_fsm_i/current_state<1>
                                                       timer_counter_i/_n0016_inv2
    SLICE_X58Y92.CE      net (fanout=2)        3.072   timer_counter_i/_n0016_inv
    SLICE_X58Y92.CLK     Tceck                 0.291   timer_counter_i/counter_value_r<7>
                                                       timer_counter_i/counter_value_r_7
    -------------------------------------------------  ---------------------------
    Total                                      5.982ns (1.239ns logic, 4.743ns route)
                                                       (20.7% logic, 79.3% route)

--------------------------------------------------------------------------------
Slack (setup path):     13.835ns (requirement - (data path - clock path skew + uncertainty))
  Source:               clk_counter_i/counter_r_2 (FF)
  Destination:          timer_counter_i/counter_value_r_7 (FF)
  Requirement:          20.000ns
  Data Path Delay:      5.767ns (Levels of Logic = 2)
  Clock Path Skew:      -0.063ns (0.588 - 0.651)
  Source Clock:         clk_50MHz_s rising at 0.000ns
  Destination Clock:    clk_50MHz_s rising at 20.000ns
  Clock Uncertainty:    0.335ns

  Clock Uncertainty:          0.335ns  ((TSJ^2 + TIJ^2)^1/2 + DJ) / 2 + PE
    Total System Jitter (TSJ):  0.070ns
    Total Input Jitter (TIJ):   0.000ns
    Discrete Jitter (DJ):       0.599ns
    Phase Error (PE):           0.000ns

  Maximum Data Path at Slow Process Corner: clk_counter_i/counter_r_2 to timer_counter_i/counter_value_r_7
    Location             Delay type         Delay(ns)  Physical Resource
                                                       Logical Resource(s)
    -------------------------------------------------  -------------------
    SLICE_X46Y64.BQ      Tcko                  0.476   clk_counter_i/counter_r<4>
                                                       clk_counter_i/counter_r_2
    SLICE_X46Y65.D1      net (fanout=3)        1.007   clk_counter_i/counter_r<2>
    SLICE_X46Y65.D       Tilo                  0.235   clk_counter_i/counter_r<25>
                                                       timer_counter_i/_n0016_inv14
    SLICE_X47Y64.A5      net (fanout=4)        0.427   timer_counter_i/_n0016_inv14
    SLICE_X47Y64.A       Tilo                  0.259   timer_fsm_i/current_state<1>
                                                       timer_counter_i/_n0016_inv2
    SLICE_X58Y92.CE      net (fanout=2)        3.072   timer_counter_i/_n0016_inv
    SLICE_X58Y92.CLK     Tceck                 0.291   timer_counter_i/counter_value_r<7>
                                                       timer_counter_i/counter_value_r_7
    -------------------------------------------------  ---------------------------
    Total                                      5.767ns (1.261ns logic, 4.506ns route)
                                                       (21.9% logic, 78.1% route)

--------------------------------------------------------------------------------
Slack (setup path):     13.840ns (requirement - (data path - clock path skew + uncertainty))
  Source:               clk_counter_i/counter_r_20 (FF)
  Destination:          timer_counter_i/counter_value_r_7 (FF)
  Requirement:          20.000ns
  Data Path Delay:      5.763ns (Levels of Logic = 2)
  Clock Path Skew:      -0.062ns (0.588 - 0.650)
  Source Clock:         clk_50MHz_s rising at 0.000ns
  Destination Clock:    clk_50MHz_s rising at 20.000ns
  Clock Uncertainty:    0.335ns

  Clock Uncertainty:          0.335ns  ((TSJ^2 + TIJ^2)^1/2 + DJ) / 2 + PE
    Total System Jitter (TSJ):  0.070ns
    Total Input Jitter (TIJ):   0.000ns
    Discrete Jitter (DJ):       0.599ns
    Phase Error (PE):           0.000ns

  Maximum Data Path at Slow Process Corner: clk_counter_i/counter_r_20 to timer_counter_i/counter_value_r_7
    Location             Delay type         Delay(ns)  Physical Resource
                                                       Logical Resource(s)
    -------------------------------------------------  -------------------
    SLICE_X45Y65.DQ      Tcko                  0.430   clk_counter_i/counter_r<20>
                                                       clk_counter_i/counter_r_20
    SLICE_X46Y65.C2      net (fanout=3)        0.988   clk_counter_i/counter_r<20>
    SLICE_X46Y65.C       Tilo                  0.235   clk_counter_i/counter_r<25>
                                                       timer_counter_i/_n0016_inv12
    SLICE_X47Y64.A4      net (fanout=4)        0.488   timer_counter_i/_n0016_inv12
    SLICE_X47Y64.A       Tilo                  0.259   timer_fsm_i/current_state<1>
                                                       timer_counter_i/_n0016_inv2
    SLICE_X58Y92.CE      net (fanout=2)        3.072   timer_counter_i/_n0016_inv
    SLICE_X58Y92.CLK     Tceck                 0.291   timer_counter_i/counter_value_r<7>
                                                       timer_counter_i/counter_value_r_7
    -------------------------------------------------  ---------------------------
    Total                                      5.763ns (1.215ns logic, 4.548ns route)
                                                       (21.1% logic, 78.9% route)

--------------------------------------------------------------------------------

Hold Paths: TS_clk_gen_i_DMC_clkfx = PERIOD TIMEGRP "clk_gen_i_DMC_clkfx" TS_i_clk_pin *
        2.08333333 HIGH 50%;
--------------------------------------------------------------------------------

Paths for end point clk_counter_i/counter_r_4 (SLICE_X46Y64.D6), 1 path
--------------------------------------------------------------------------------
Slack (hold path):      0.423ns (requirement - (clock path skew + uncertainty - data path))
  Source:               clk_counter_i/counter_r_4 (FF)
  Destination:          clk_counter_i/counter_r_4 (FF)
  Requirement:          0.000ns
  Data Path Delay:      0.423ns (Levels of Logic = 1)
  Clock Path Skew:      0.000ns
  Source Clock:         clk_50MHz_s rising at 20.000ns
  Destination Clock:    clk_50MHz_s rising at 20.000ns
  Clock Uncertainty:    0.000ns

  Minimum Data Path at Fast Process Corner: clk_counter_i/counter_r_4 to clk_counter_i/counter_r_4
    Location             Delay type         Delay(ns)  Physical Resource
                                                       Logical Resource(s)
    -------------------------------------------------  -------------------
    SLICE_X46Y64.DQ      Tcko                  0.200   clk_counter_i/counter_r<4>
                                                       clk_counter_i/counter_r_4
    SLICE_X46Y64.D6      net (fanout=3)        0.033   clk_counter_i/counter_r<4>
    SLICE_X46Y64.CLK     Tah         (-Th)    -0.190   clk_counter_i/counter_r<4>
                                                       clk_counter_i/counter_r_4_rstpot
                                                       clk_counter_i/counter_r_4
    -------------------------------------------------  ---------------------------
    Total                                      0.423ns (0.390ns logic, 0.033ns route)
                                                       (92.2% logic, 7.8% route)

--------------------------------------------------------------------------------

Paths for end point clk_counter_i/counter_r_25 (SLICE_X46Y65.A6), 1 path
--------------------------------------------------------------------------------
Slack (hold path):      0.423ns (requirement - (clock path skew + uncertainty - data path))
  Source:               clk_counter_i/counter_r_25 (FF)
  Destination:          clk_counter_i/counter_r_25 (FF)
  Requirement:          0.000ns
  Data Path Delay:      0.423ns (Levels of Logic = 1)
  Clock Path Skew:      0.000ns
  Source Clock:         clk_50MHz_s rising at 20.000ns
  Destination Clock:    clk_50MHz_s rising at 20.000ns
  Clock Uncertainty:    0.000ns

  Minimum Data Path at Fast Process Corner: clk_counter_i/counter_r_25 to clk_counter_i/counter_r_25
    Location             Delay type         Delay(ns)  Physical Resource
                                                       Logical Resource(s)
    -------------------------------------------------  -------------------
    SLICE_X46Y65.AQ      Tcko                  0.200   clk_counter_i/counter_r<25>
                                                       clk_counter_i/counter_r_25
    SLICE_X46Y65.A6      net (fanout=3)        0.033   clk_counter_i/counter_r<25>
    SLICE_X46Y65.CLK     Tah         (-Th)    -0.190   clk_counter_i/counter_r<25>
                                                       clk_counter_i/counter_r_25_rstpot
                                                       clk_counter_i/counter_r_25
    -------------------------------------------------  ---------------------------
    Total                                      0.423ns (0.390ns logic, 0.033ns route)
                                                       (92.2% logic, 7.8% route)

--------------------------------------------------------------------------------

Paths for end point timer_counter_i/counter_value_r_0 (SLICE_X47Y65.D6), 1 path
--------------------------------------------------------------------------------
Slack (hold path):      0.439ns (requirement - (clock path skew + uncertainty - data path))
  Source:               timer_counter_i/counter_value_r_0 (FF)
  Destination:          timer_counter_i/counter_value_r_0 (FF)
  Requirement:          0.000ns
  Data Path Delay:      0.439ns (Levels of Logic = 1)
  Clock Path Skew:      0.000ns
  Source Clock:         clk_50MHz_s rising at 20.000ns
  Destination Clock:    clk_50MHz_s rising at 20.000ns
  Clock Uncertainty:    0.000ns

  Minimum Data Path at Fast Process Corner: timer_counter_i/counter_value_r_0 to timer_counter_i/counter_value_r_0
    Location             Delay type         Delay(ns)  Physical Resource
                                                       Logical Resource(s)
    -------------------------------------------------  -------------------
    SLICE_X47Y65.DQ      Tcko                  0.198   timer_counter_i/counter_value_r<0>
                                                       timer_counter_i/counter_value_r_0
    SLICE_X47Y65.D6      net (fanout=3)        0.026   timer_counter_i/counter_value_r<0>
    SLICE_X47Y65.CLK     Tah         (-Th)    -0.215   timer_counter_i/counter_value_r<0>
                                                       timer_counter_i/counter_value_r_0_rstpot
                                                       timer_counter_i/counter_value_r_0
    -------------------------------------------------  ---------------------------
    Total                                      0.439ns (0.413ns logic, 0.026ns route)
                                                       (94.1% logic, 5.9% route)

--------------------------------------------------------------------------------

Component Switching Limit Checks: TS_clk_gen_i_DMC_clkfx = PERIOD TIMEGRP "clk_gen_i_DMC_clkfx" TS_i_clk_pin *
        2.08333333 HIGH 50%;
--------------------------------------------------------------------------------
Slack: 17.334ns (period - min period limit)
  Period: 20.000ns
  Min period limit: 2.666ns (375.094MHz) (Tbcper_I)
  Physical resource: clk_gen_i/DMC/clkout1_buf/I0
  Logical resource: clk_gen_i/DMC/clkout1_buf/I0
  Location pin: BUFGMUX_X2Y3.I0
  Clock network: clk_gen_i/DMC/clkfx
--------------------------------------------------------------------------------
Slack: 18.601ns (period - min period limit)
  Period: 20.000ns
  Min period limit: 1.399ns (714.796MHz) (Tcp)
  Physical resource: clk_gen_i/dff_out_r/CLK
  Logical resource: clk_gen_i/shift_reg16/SRL16E/CLK
  Location pin: SLICE_X34Y88.CLK
  Clock network: clk_50MHz_s
--------------------------------------------------------------------------------
Slack: 19.520ns (period - min period limit)
  Period: 20.000ns
  Min period limit: 0.480ns (2083.333MHz) (Tcp)
  Physical resource: clk_gen_i/dff_out_r/CLK
  Logical resource: clk_gen_i/dff/CK
  Location pin: SLICE_X34Y88.CLK
  Clock network: clk_50MHz_s
--------------------------------------------------------------------------------


Derived Constraint Report
Derived Constraints for TS_i_clk_pin
+-------------------------------+-------------+-------------+-------------+-------------+-------------+-------------+-------------+
|                               |   Period    |       Actual Period       |      Timing Errors        |      Paths Analyzed       |
|           Constraint          | Requirement |-------------+-------------|-------------+-------------|-------------+-------------|
|                               |             |   Direct    | Derivative  |   Direct    | Derivative  |   Direct    | Derivative  |
+-------------------------------+-------------+-------------+-------------+-------------+-------------+-------------+-------------+
|TS_i_clk_pin                   |     41.667ns|     32.000ns|     14.771ns|            0|            0|            0|         1409|
| TS_clk_gen_i_DMC_clkfx        |     20.000ns|      7.090ns|          N/A|            0|            0|         1409|            0|
+-------------------------------+-------------+-------------+-------------+-------------+-------------+-------------+-------------+

All constraints were met.


Data Sheet report:
-----------------
All values displayed in nanoseconds (ns)

Clock to Setup on destination clock i_clk
---------------+---------+---------+---------+---------+
               | Src:Rise| Src:Fall| Src:Rise| Src:Fall|
Source Clock   |Dest:Rise|Dest:Rise|Dest:Fall|Dest:Fall|
---------------+---------+---------+---------+---------+
i_clk          |    7.090|         |         |         |
---------------+---------+---------+---------+---------+


Timing summary:
---------------

Timing errors: 0  Score: 0  (Setup/Max: 0, Hold: 0)

Constraints cover 1409 paths, 0 nets, and 261 connections

Design statistics:
   Minimum period:  32.000ns{1}   (Maximum frequency:  31.250MHz)


------------------------------------Footnotes-----------------------------------
1)  The minimum period statistic assumes all single cycle delays.

Analysis completed Fri Mar 01 10:01:25 2019 
--------------------------------------------------------------------------------

Trace Settings:
-------------------------
Trace Settings 

Peak Memory Usage: 263 MB



